<?xml version="1.0" encoding="UTF-8"?>
<!-- Generated by org.testng.reporters.JUnitXMLReporter -->
<testsuite ignored="4" hostname="DESKTOP-BU44OGD" failures="1" tests="2" name="Test(failed)" time="80.08" errors="0" timestamp="04 Oct 2021 10:54:08 GMT">
  <testcase classname="testCases.OneWayFlightBookingTest" name="oneWayTest4" time="46.925"/>
  <testcase classname="testCases.OneWayFlightBookingTest" name="oneWayTest5" time="22.316">
    <failure type="java.lang.AssertionError" message="Adult 1 Last Name should have minimum 1character  and in case there is no last name kindly enter space bar key 3 times. expected [true] but found [false]">
      <![CDATA[java.lang.AssertionError: Adult 1 Last Name should have minimum 1character  and in case there is no last name kindly enter space bar key 3 times. expected [true] but found [false]
at testCases.OneWayFlightBookingTest.oneWayTest5(OneWayFlightBookingTest.java:98)
... Removed 28 stack frames]]>
    </failure>
  </testcase> <!-- oneWayTest5 -->
  <testcase classname="testCases.OneWayFlightBookingTest" name="oneWayTest3" time="0.0">
    <ignored/>
  </testcase> <!-- oneWayTest3 -->
  <testcase classname="testCases.OneWayFlightBookingTest" name="oneWayTest6" time="0.0">
    <ignored/>
  </testcase> <!-- oneWayTest6 -->
  <testcase classname="testCases.OneWayFlightBookingTest" name="oneWayTest1" time="0.0">
    <ignored/>
  </testcase> <!-- oneWayTest1 -->
  <testcase classname="testCases.OneWayFlightBookingTest" name="oneWayTest2" time="0.0">
    <ignored/>
  </testcase> <!-- oneWayTest2 -->
</testsuite> <!-- Test(failed) -->
